<?xml version="1.0" encoding="UTF-8" ?>
<testsuite failures="2" time="10.426" errors="0" skipped="0" tests="2" name="TeamWorkTest">
  <properties>
[...]
</properties>
  <testcase time="10.417" classname="TeamWorkTest" name="addMilestoneTest">
    <failure message="This is not the home page" type="java.lang.IllegalStateException">java.lang.IllegalStateException: This is not the home page
	at com.TeamWorkTests.HomePage.&lt;init&gt;(HomePage.java:19)
	at com.TeamWorkTests.LoginPage.fillinAndSubmit(LoginPage.java:43)
	at TeamWorkTest.login(TeamWorkTest.java:37)
	at TeamWorkTest.addMilestoneTest(TeamWorkTest.java:164)
</failure>
    <system-out>Configuring TestNG with: org.apache.maven.surefire.testng.conf.TestNGMapConfigurator@4e4f2c1c
/home/ninja/Downloads/chromedriver
chrome
</system-out>
    <system-err>SLF4J: Failed to load class &quot;org.slf4j.impl.StaticLoggerBinder&quot;.
SLF4J: Defaulting to no-operation (NOP) logger implementation
SLF4J: See http://www.slf4j.org/codes.html#StaticLoggerBinder for further details.
Starting ChromeDriver 2.20.353124 (035346203162d32c80f1dce587c8154a1efa0c3b) on port 28530
Only local connections are allowed.
</system-err>
  </testcase>
  <testcase time="0.009" classname="TeamWorkTest" name="loginAndTasksTest">
    <failure message="no such window: target window already closed
from unknown error: web view not found
  (Session info: chrome=47.0.2526.106)
  (Driver info: chromedriver=2.20.353124 (035346203162d32c80f1dce587c8154a1efa0c3b),platform=Linux 3.14.1-031401-generic x86_64) (WARNING: The server did not provide any stacktrace information)
Command duration or timeout: 2 milliseconds
Build info: version: &apos;2.48.2&apos;, revision: &apos;41bccdd10cf2c0560f637404c2d96164b67d9d67&apos;, time: &apos;2015-10-09 13:08:06&apos;
System info: host: &apos;xxxx&apos;, ip: &apos;127.0.1.1&apos;, os.name: &apos;Linux&apos;, os.arch: &apos;amd64&apos;, os.version: &apos;3.14.1-031401-generic&apos;, java.version: &apos;1.7.0_91&apos;
*** Element info: {Using=id, value=ordLoginSubmitBtn}
Session ID: b3bbba31416e896ad78b2c3228f8caf9
Driver info: org.openqa.selenium.chrome.ChromeDriver
Capabilities [{platform=LINUX, acceptSslCerts=true, javascriptEnabled=true, browserName=chrome, chrome={userDataDir=/tmp/.com.google.Chrome.ZopMgb}, rotatable=false, locationContextEnabled=true, mobileEmulationEnabled=false, version=47.0.2526.106, takesHeapSnapshot=true, cssSelectorsEnabled=true, databaseEnabled=false, handlesAlerts=true, browserConnectionEnabled=false, webStorageEnabled=true, nativeEvents=true, hasTouchScreen=false, applicationCacheEnabled=false, takesScreenshot=true}]" type="org.openqa.selenium.NoSuchWindowException">org.openqa.selenium.NoSuchWindowException: no such window: target window already closed
from unknown error: web view not found
  (Session info: chrome=47.0.2526.106)
  (Driver info: chromedriver=2.20.353124 (035346203162d32c80f1dce587c8154a1efa0c3b),platform=Linux 3.14.1-031401-generic x86_64) (WARNING: The server did not provide any stacktrace information)
Command duration or timeout: 2 milliseconds
Build info: version: &apos;2.48.2&apos;, revision: &apos;41bccdd10cf2c0560f637404c2d96164b67d9d67&apos;, time: &apos;2015-10-09 13:08:06&apos;
System info: host: &apos;xxxx&apos;, ip: &apos;127.0.1.1&apos;, os.name: &apos;Linux&apos;, os.arch: &apos;amd64&apos;, os.version: &apos;3.14.1-031401-generic&apos;, java.version: &apos;1.7.0_91&apos;
*** Element info: {Using=id, value=ordLoginSubmitBtn}
Session ID: b3bbba31416e896ad78b2c3228f8caf9
Driver info: org.openqa.selenium.chrome.ChromeDriver
Capabilities [{platform=LINUX, acceptSslCerts=true, javascriptEnabled=true, browserName=chrome, chrome={userDataDir=/tmp/.com.google.Chrome.ZopMgb}, rotatable=false, locationContextEnabled=true, mobileEmulationEnabled=false, version=47.0.2526.106, takesHeapSnapshot=true, cssSelectorsEnabled=true, databaseEnabled=false, handlesAlerts=true, browserConnectionEnabled=false, webStorageEnabled=true, nativeEvents=true, hasTouchScreen=false, applicationCacheEnabled=false, takesScreenshot=true}]
	at sun.reflect.NativeConstructorAccessorImpl.newInstance0(Native Method)
	at sun.reflect.NativeConstructorAccessorImpl.newInstance(NativeConstructorAccessorImpl.java:57)
	at sun.reflect.DelegatingConstructorAccessorImpl.newInstance(DelegatingConstructorAccessorImpl.java:45)
	at java.lang.reflect.Constructor.newInstance(Constructor.java:526)
	at org.openqa.selenium.remote.ErrorHandler.createThrowable(ErrorHandler.java:206)
	at org.openqa.selenium.remote.ErrorHandler.throwIfResponseFailed(ErrorHandler.java:158)
	at org.openqa.selenium.remote.RemoteWebDriver.execute(RemoteWebDriver.java:647)
	at org.openqa.selenium.remote.RemoteWebDriver.findElements(RemoteWebDriver.java:378)
	at org.openqa.selenium.remote.RemoteWebDriver.findElementsById(RemoteWebDriver.java:411)
	at org.openqa.selenium.By$ById.findElements(By.java:210)
	at org.openqa.selenium.remote.RemoteWebDriver.findElements(RemoteWebDriver.java:341)
	at com.TeamWorkTests.BasePage.isElementFound(BasePage.java:21)
	at com.TeamWorkTests.LoginPage.&lt;init&gt;(LoginPage.java:21)
	at TeamWorkTest.login(TeamWorkTest.java:36)
	at TeamWorkTest.loginAndTasksTest(TeamWorkTest.java:79)
</failure>
    <system-out>/home/ninja/Downloads/chromedriver
chrome
</system-out>
    <system-err>Starting ChromeDriver 2.20.353124 (035346203162d32c80f1dce587c8154a1efa0c3b) on port 13013
Only local connections are allowed.
[19.900][SEVERE]: Unable to receive message from renderer
</system-err>
  </testcase>
</testsuite>